<?xml version="1.0" encoding="UTF-8" ?>
<testsuite errors="0" failures="0" hostname="DESKTOP-EK9S4CK" name="BookServiceTest" skipped="0" tests="4" time="2.348" timestamp="2016-03-10T22:42:06">
  <properties>
    <property name="file.encoding.pkg" value="sun.io" />
    <property name="ivy.retrieve.pattern.ivy.instance" value="C:\Users\nickm\workspace\library/lib/[artifact]-[revision](-[classifier]).[ext]" />
    <property name="java.vendor.url.ivy.instance" value="http://java.oracle.com/" />
    <property name="ivy.project.dir.ivy.instance" value="C:\Users\nickm\workspace\library" />
    <property name="ivy.resolve.default.type.filter" value="*" />
    <property name="java.home" value="C:\Program Files\Java\jdk1.8.0_72\jre" />
    <property name="ivy.configurations.ivy.instance" value="*" />
    <property name="ivy.basedir.ivy.instance" value="C:\Users\nickm\workspace\library" />
    <property name="ivy.dep.file.ivy.instance" value="ivy.xml" />
    <property name="compile.debug" value="on" />
    <property name="java.endorsed.dirs" value="C:\Program Files\Java\jdk1.8.0_72\jre\lib\endorsed" />
    <property name="java.class.path.ivy.instance" value="C:\eclipse\plugins\org.apache.ant_1.9.4.v201504302020\lib\ant-antlr.jar;C:\eclipse\plugins\org.apache.ant_1.9.4.v201504302020\lib\ant-apache-bcel.jar;C:\eclipse\plugins\org.apache.ant_1.9.4.v201504302020\lib\ant-apache-bsf.jar;C:\eclipse\plugins\org.apache.ant_1.9.4.v201504302020\lib\ant-apache-log4j.jar;C:\eclipse\plugins\org.apache.ant_1.9.4.v201504302020\lib\ant-apache-oro.jar;C:\eclipse\plugins\org.apache.ant_1.9.4.v201504302020\lib\ant-apache-regexp.jar;C:\eclipse\plugins\org.apache.ant_1.9.4.v201504302020\lib\ant-apache-resolver.jar;C:\eclipse\plugins\org.apache.ant_1.9.4.v201504302020\lib\ant-apache-xalan2.jar;C:\eclipse\plugins\org.apache.ant_1.9.4.v201504302020\lib\ant-commons-logging.jar;C:\eclipse\plugins\org.apache.ant_1.9.4.v201504302020\lib\ant-commons-net.jar;C:\eclipse\plugins\org.apache.ant_1.9.4.v201504302020\lib\ant-jai.jar;C:\eclipse\plugins\org.apache.ant_1.9.4.v201504302020\lib\ant-javamail.jar;C:\eclipse\plugins\org.apache.ant_1.9.4.v201504302020\lib\ant-jdepend.jar;C:\eclipse\plugins\org.apache.ant_1.9.4.v201504302020\lib\ant-jmf.jar;C:\eclipse\plugins\org.apache.ant_1.9.4.v201504302020\lib\ant-jsch.jar;C:\eclipse\plugins\org.apache.ant_1.9.4.v201504302020\lib\ant-junit.jar;C:\eclipse\plugins\org.apache.ant_1.9.4.v201504302020\lib\ant-junit4.jar;C:\eclipse\plugins\org.apache.ant_1.9.4.v201504302020\lib\ant-launcher.jar;C:\eclipse\plugins\org.apache.ant_1.9.4.v201504302020\lib\ant-netrexx.jar;C:\eclipse\plugins\org.apache.ant_1.9.4.v201504302020\lib\ant-swing.jar;C:\eclipse\plugins\org.apache.ant_1.9.4.v201504302020\lib\ant-testutil.jar;C:\eclipse\plugins\org.apache.ant_1.9.4.v201504302020\lib\ant.jar;C:\eclipse\plugins\org.apache.ivy.eclipse.ant_2.4.0.final_20141213170938\ivy.jar;C:\eclipse\configuration\org.eclipse.osgi\990\0\.cp\lib\antdebug.jar;C:\eclipse\configuration\org.eclipse.osgi\990\0\.cp\lib\remote.jar;C:\eclipse\configuration\org.eclipse.osgi\991\0\.cp\lib\remoteAnt.jar;C:\Users\nickm\.ant\lib\ivy.jar;C:\Program Files\Java\jdk1.8.0_72\lib\tools.jar;C:\eclipse\plugins\org.eclipse.swt.win32.win32.x86_64_3.104.0.v20150528-0211.jar" />
    <property name="ivy.home" value="C:\Users\nickm\.ivy2" />
    <property name="java.vm.specification.vendor.ivy.instance" value="Oracle Corporation" />
    <property name="sun.os.patch.level" value="" />
    <property name="ivy.dep.file" value="ivy.xml" />
    <property name="java.vendor.url" value="http://java.oracle.com/" />
    <property name="ivy.lib.dir.ivy.instance" value="C:\Users\nickm\workspace\library/lib" />
    <property name="java.version" value="1.8.0_72" />
    <property name="eclipse.pdebuild.home" value="/C:/eclipse/plugins/org.eclipse.pde.build_3.9.100.v20150521-1524/./" />
    <property name="ivy.conf.dir.ivy.instance" value="C:\Users\nickm\workspace\library" />
    <property name="sun.boot.library.path.ivy.instance" value="C:\Program Files\Java\jdk1.8.0_72\jre\bin" />
    <property name="ant.file.Build script for Vaadin 7 projects" value="C:\Users\nickm\workspace\library\build.xml" />
    <property name="ivy.report.output.pattern.ivy.instance" value="[organisation]-[module]-[conf].[ext]" />
    <property name="ivy.module" value="v7proj" />
    <property name="ivy.publish.src.artifacts.pattern.ivy.instance" value="C:\Users\nickm\workspace\library/distrib/[type]s/[artifact]-[revision](-[classifier]).[ext]" />
    <property name="java.vendor.url.bug" value="http://bugreport.sun.com/bugreport/" />
    <property name="sun.management.compiler.ivy.instance" value="HotSpot 64-Bit Tiered Compilers" />
    <property name="ant.project.invoked-targets" value="test" />
    <property name="os.name.ivy.instance" value="Windows 10" />
    <property name="ivy.default.ivy.user.dir.ivy.instance" value="C:\Users\nickm\.ivy2" />
    <property name="ivy.default.always.check.exact.revision" value="false" />
    <property name="ivy.default.settings.dir.ivy.instance" value="jar:file:/C:/eclipse/plugins/org.apache.ivy.eclipse.ant_2.4.0.final_20141213170938/ivy.jar!/org/apache/ivy/core/settings" />
    <property name="user.name" value="nickm" />
    <property name="sun.io.unicode.encoding" value="UnicodeLittle" />
    <property name="sun.jnu.encoding" value="Cp1252" />
    <property name="java.runtime.name" value="Java(TM) SE Runtime Environment" />
    <property name="ant.home.ivy.instance" value="C:\eclipse\plugins\org.apache.ant_1.9.4.v201504302020" />
    <property name="file.encoding.ivy.instance" value="Cp1252" />
    <property name="ivy.cache.ttl.default.ivy.instance" value="10s" />
    <property name="ivy.conf.file.ivy.instance" value="C:\Users\nickm\workspace\library\ivysettings.xml" />
    <property name="java.specification.vendor.ivy.instance" value="Oracle Corporation" />
    <property name="java.vendor.ivy.instance" value="Oracle Corporation" />
    <property name="sun.cpu.isalist.ivy.instance" value="amd64" />
    <property name="java.specification.name" value="Java Platform API Specification" />
    <property name="user.timezone" value="" />
    <property name="java.endorsed.dirs.ivy.instance" value="C:\Program Files\Java\jdk1.8.0_72\jre\lib\endorsed" />
    <property name="user.script" value="" />
    <property name="path.separator" value=";" />
    <property name="java.class.version.ivy.instance" value="52.0" />
    <property name="ivy.default.conf.dir" value="jar:file:/C:/eclipse/plugins/org.apache.ivy.eclipse.ant_2.4.0.final_20141213170938/ivy.jar!/org/apache/ivy/core/settings" />
    <property name="file.encoding" value="Cp1252" />
    <property name="java.runtime.name.ivy.instance" value="Java(TM) SE Runtime Environment" />
    <property name="ivy.resolve.default.type.filter.ivy.instance" value="*" />
    <property name="ant.project.default-target" value="test" />
    <property name="ivy.parents.count" value="0" />
    <property name="sun.java.command" value="org.apache.tools.ant.taskdefs.optional.junit.JUnitTestRunner testsfile=C:\Users\nickm\workspace\library\junittestcases8197725067550459642.properties skipNonTests=false filtertrace=true haltOnError=true haltOnFailure=true formatter=org.apache.tools.ant.taskdefs.optional.junit.OutErrSummaryJUnitResultFormatter showoutput=false outputtoformatters=true logfailedtests=true threadid=0 logtestlistenerevents=false formatter=org.apache.tools.ant.taskdefs.optional.junit.XMLJUnitResultFormatter,C:\Users\nickm\workspace\library\junit\IGNORETHIS.xml crashfile=C:\Users\nickm\workspace\library\junitvmwatcher39400036640668231.properties propsfile=C:\Users\nickm\workspace\library\junit4679778387425529950.properties" />
    <property name="workdir" value="build/work" />
    <property name="ant.file" value="C:\Users\nickm\workspace\library\build.xml" />
    <property name="ivy.distrib.dir.ivy.instance" value="C:\Users\nickm\workspace\library/distrib" />
    <property name="ivy.checksums.ivy.instance" value="sha1,md5" />
    <property name="sun.arch.data.model.ivy.instance" value="64" />
    <property name="ivy.build.artifacts.dir.ivy.instance" value="C:\Users\nickm\workspace\library/build/artifacts" />
    <property name="user.variant.ivy.instance" value="" />
    <property name="ivy.settings.file" value="ivysettings.xml" />
    <property name="java.io.tmpdir" value="C:\Users\nickm\AppData\Local\Temp\" />
    <property name="ivy.buildlist.ivyfilepath.ivy.instance" value="ivy.xml" />
    <property name="ivy.cache.ttl.default" value="10s" />
    <property name="user.language" value="en" />
    <property name="user.dir.ivy.instance" value="C:\Users\nickm\workspace\library" />
    <property name="ivy.home.ivy.instance" value="C:\Users\nickm\.ivy2" />
    <property name="line.separator" value="&#xd;&#xa;" />
    <property name="java.specification.version.ivy.instance" value="1.8" />
    <property name="compiled-classes.dir" value="build/work/WEB-INF/classes" />
    <property name="libraries" value="lib" />
    <property name="ivy.build.artifacts.dir" value="C:\Users\nickm\workspace\library/build/artifacts" />
    <property name="ivy.settings.dir.url" value="file:/C:/Users/nickm/workspace/library/" />
    <property name="sun.io.unicode.encoding.ivy.instance" value="UnicodeLittle" />
    <property name="ivy.status" value="integration" />
    <property name="java.vm.info" value="mixed mode" />
    <property name="ivy.lib.dir" value="C:\Users\nickm\workspace\library/lib" />
    <property name="sun.desktop" value="windows" />
    <property name="java.vm.specification.name" value="Java Virtual Machine Specification" />
    <property name="ivy.default.conf.dir.ivy.instance" value="jar:file:/C:/eclipse/plugins/org.apache.ivy.eclipse.ant_2.4.0.final_20141213170938/ivy.jar!/org/apache/ivy/core/settings" />
    <property name="java.vm.version.ivy.instance" value="25.72-b15" />
    <property name="ivy.install.version" value="2.4.0" />
    <property name="user.name.ivy.instance" value="nickm" />
    <property name="ivy.cache.dir" value="C:\Users\nickm\.ivy2\cache" />
    <property name="eclipse.pdebuild.templates" value="/C:/eclipse/plugins/org.eclipse.pde.build_3.9.100.v20150521-1524/templates/" />
    <property name="java.awt.printerjob" value="sun.awt.windows.WPrinterJob" />
    <property name="java.io.tmpdir.ivy.instance" value="C:\Users\nickm\AppData\Local\Temp\" />
    <property name="ant.version" value="Apache Ant(TM) version 1.9.4 compiled on April 29 2014" />
    <property name="java.home.ivy.instance" value="C:\Program Files\Java\jdk1.8.0_72\jre" />
    <property name="java.vm.vendor.ivy.instance" value="Oracle Corporation" />
    <property name="artifacts" value="build" />
    <property name="user.script.ivy.instance" value="" />
    <property name="ivy.default.settings.dir" value="jar:file:/C:/eclipse/plugins/org.apache.ivy.eclipse.ant_2.4.0.final_20141213170938/ivy.jar!/org/apache/ivy/core/settings" />
    <property name="ivy.configurations" value="*" />
    <property name="ivy.settings.url" value="file:/C:/Users/nickm/workspace/library/ivysettings.xml" />
    <property name="os.name" value="Windows 10" />
    <property name="java.specification.vendor" value="Oracle Corporation" />
    <property name="sun.jnu.encoding.ivy.instance" value="Cp1252" />
    <property name="ivy.deliver.ivy.pattern.ivy.instance" value="C:\Users\nickm\workspace\library/distrib/[type]s/[artifact]-[revision](-[classifier]).[ext]" />
    <property name="ivy.checksums" value="sha1,md5" />
    <property name="java.vm.name" value="Java HotSpot(TM) 64-Bit Server VM" />
    <property name="ivy.jar.file" value="C:\Users\nickm/.ant/lib/ivy.jar" />
    <property name="ivy.log.modules.in.use" value="false" />
    <property name="java.runtime.version.ivy.instance" value="1.8.0_72-b15" />
    <property name="ivy.report.output.pattern" value="[organisation]-[module]-[conf].[ext]" />
    <property name="ivy.version" value="2.4.0" />
    <property name="java.library.path" value="C:\Program Files\Java\jdk1.8.0_72\jre\bin;C:\WINDOWS\Sun\Java\bin;C:\WINDOWS\system32;C:\WINDOWS;C:/Program Files/Java/jre1.8.0_74/bin/server;C:/Program Files/Java/jre1.8.0_74/bin;C:/Program Files/Java/jre1.8.0_74/lib/amd64;C:\ProgramData\Oracle\Java\javapath;C:\Program Files (x86)\Intel\iCLS Client\;C:\Program Files\Intel\iCLS Client\;C:\WINDOWS\system32;C:\WINDOWS;C:\WINDOWS\System32\Wbem;C:\WINDOWS\System32\WindowsPowerShell\v1.0\;C:\Program Files (x86)\Intel\Intel(R) Management Engine Components\DAL;C:\Program Files\Intel\Intel(R) Management Engine Components\DAL;C:\Program Files (x86)\Intel\Intel(R) Management Engine Components\IPT;C:\Program Files\Intel\Intel(R) Management Engine Components\IPT;C:\Program Files (x86)\Skype\Phone\;C:\Program Files\Intel\WiFi\bin\;C:\Program Files\Common Files\Intel\WirelessCommon\;C:\Program Files\Intel\WiFi\bin\;C:\Program Files\Common Files\Intel\WirelessCommon\;C:\eclipse;;." />
    <property name="ivy.conf.url" value="file:/C:/Users/nickm/workspace/library/ivysettings.xml" />
    <property name="java.vm.name.ivy.instance" value="Java HotSpot(TM) 64-Bit Server VM" />
    <property name="os.version.ivy.instance" value="10.0" />
    <property name="line.separator.ivy.instance" value="&#xd;&#xa;" />
    <property name="eclipse.pdebuild.scripts" value="/C:/eclipse/plugins/org.eclipse.pde.build_3.9.100.v20150521-1524/scripts/" />
    <property name="ant.java.version" value="1.8" />
    <property name="sun.desktop.ivy.instance" value="windows" />
    <property name="sun.cpu.endian.ivy.instance" value="little" />
    <property name="java.vm.specification.name.ivy.instance" value="Java Virtual Machine Specification" />
    <property name="basedir" value="C:\Users\nickm\workspace\library" />
    <property name="java.class.version" value="52.0" />
    <property name="ivy.settings.url.ivy.instance" value="file:/C:/Users/nickm/workspace/library/ivysettings.xml" />
    <property name="path.separator.ivy.instance" value=";" />
    <property name="sun.boot.class.path.ivy.instance" value="C:\Program Files\Java\jdk1.8.0_72\jre\lib\resources.jar;C:\Program Files\Java\jdk1.8.0_72\jre\lib\rt.jar;C:\Program Files\Java\jdk1.8.0_72\jre\lib\sunrsasign.jar;C:\Program Files\Java\jdk1.8.0_72\jre\lib\jsse.jar;C:\Program Files\Java\jdk1.8.0_72\jre\lib\jce.jar;C:\Program Files\Java\jdk1.8.0_72\jre\lib\charsets.jar;C:\Program Files\Java\jdk1.8.0_72\jre\lib\jfr.jar;C:\Program Files\Java\jdk1.8.0_72\jre\classes" />
    <property name="ant.home" value="C:\eclipse\plugins\org.apache.ant_1.9.4.v201504302020" />
    <property name="ivy.resolved.configurations" value="widgetset-compile" />
    <property name="webroot" value="WebContent" />
    <property name="ivy.deliver.ivy.pattern" value="C:\Users\nickm\workspace\library/distrib/[type]s/[artifact]-[revision](-[classifier]).[ext]" />
    <property name="theme.dir" value="WebContent/VAADIN/themes" />
    <property name="sun.boot.library.path" value="C:\Program Files\Java\jdk1.8.0_72\jre\bin" />
    <property name="ivy.default.always.check.exact.revision.ivy.instance" value="false" />
    <property name="java.library.path.ivy.instance" value="C:\eclipse;C:\WINDOWS\Sun\Java\bin;C:\WINDOWS\system32;C:\WINDOWS;C:/Program Files/Java/jre1.8.0_74/bin/server;C:/Program Files/Java/jre1.8.0_74/bin;C:/Program Files/Java/jre1.8.0_74/lib/amd64;C:\ProgramData\Oracle\Java\javapath;C:\Program Files (x86)\Intel\iCLS Client\;C:\Program Files\Intel\iCLS Client\;C:\WINDOWS\system32;C:\WINDOWS;C:\WINDOWS\System32\Wbem;C:\WINDOWS\System32\WindowsPowerShell\v1.0\;C:\Program Files (x86)\Intel\Intel(R) Management Engine Components\DAL;C:\Program Files\Intel\Intel(R) Management Engine Components\DAL;C:\Program Files (x86)\Intel\Intel(R) Management Engine Components\IPT;C:\Program Files\Intel\Intel(R) Management Engine Components\IPT;C:\Program Files (x86)\Skype\Phone\;C:\Program Files\Intel\WiFi\bin\;C:\Program Files\Common Files\Intel\WirelessCommon\;C:\Program Files\Intel\WiFi\bin\;C:\Program Files\Common Files\Intel\WirelessCommon\;C:\eclipse;;.;C:\eclipse\configuration\org.eclipse.osgi\747\0\.cp" />
    <property name="awt.toolkit.ivy.instance" value="sun.awt.windows.WToolkit" />
    <property name="ivy.basedir" value="C:\Users\nickm\workspace\library" />
    <property name="sun.management.compiler" value="HotSpot 64-Bit Tiered Compilers" />
    <property name="java.ext.dirs.ivy.instance" value="C:\Program Files\Java\jdk1.8.0_72\jre\lib\ext;C:\WINDOWS\Sun\Java\lib\ext" />
    <property name="java.awt.graphicsenv" value="sun.awt.Win32GraphicsEnvironment" />
    <property name="user.variant" value="" />
    <property name="ivy.log.modules.in.use.ivy.instance" value="false" />
    <property name="ivy.settings.dir.url.ivy.instance" value="file:/C:/Users/nickm/workspace/library/" />
    <property name="sun.os.patch.level.ivy.instance" value="" />
    <property name="file.encoding.pkg.ivy.instance" value="sun.io" />
    <property name="ivy.resolver.default.check.modified" value="false" />
    <property name="ivy.settings.file.ivy.instance" value="C:\Users\nickm\workspace\library\ivysettings.xml" />
    <property name="ant.project.name" value="Build script for Vaadin 7 projects" />
    <property name="ivy.cache.dir.ivy.instance" value="C:\Users\nickm\.ivy2\cache" />
    <property name="java.vm.specification.version" value="1.8" />
    <property name="ivy.status.ivy.instance" value="integration" />
    <property name="awt.toolkit" value="sun.awt.windows.WToolkit" />
    <property name="sun.cpu.isalist" value="amd64" />
    <property name="theme.name" value="library" />
    <property name="file.separator.ivy.instance" value="\" />
    <property name="ivy.deps.changed" value="false" />
    <property name="java.ext.dirs" value="C:\Program Files\Java\jdk1.8.0_72\jre\lib\ext;C:\WINDOWS\Sun\Java\lib\ext" />
    <property name="os.version" value="10.0" />
    <property name="user.home" value="C:\Users\nickm" />
    <property name="sun.java.launcher.ivy.instance" value="SUN_STANDARD" />
    <property name="java.vm.vendor" value="Oracle Corporation" />
    <property name="ivy.organisation" value="com.example" />
    <property name="junit.output.dir" value="junit" />
    <property name="user.dir" value="C:\Users\nickm\workspace\library" />
    <property name="ant.library.dir.ivy.instance" value="C:\eclipse\plugins\org.apache.ant_1.9.4.v201504302020\lib" />
    <property name="java.vm.info.ivy.instance" value="mixed mode" />
    <property name="ivy.publish.src.artifacts.pattern" value="C:\Users\nickm\workspace\library/distrib/[type]s/[artifact]-[revision](-[classifier]).[ext]" />
    <property name="sun.java.command.ivy.instance" value="org.eclipse.ant.internal.launching.remote.InternalAntRunner -Dorg.eclipse.ant.core.ANT_PROCESS_ID=1457649595523 -Declipse.connect.port=51776 -Declipse.pdebuild.home=/C:/eclipse/plugins/org.eclipse.pde.build_3.9.100.v20150521-1524/./ -Declipse.pdebuild.scripts=/C:/eclipse/plugins/org.eclipse.pde.build_3.9.100.v20150521-1524/scripts/ -Declipse.pdebuild.templates=/C:/eclipse/plugins/org.eclipse.pde.build_3.9.100.v20150521-1524/templates/ -Dant.home=C:\eclipse\plugins\org.apache.ant_1.9.4.v201504302020 -logger org.eclipse.ant.internal.launching.remote.logger.RemoteAntBuildLogger -inputhandler org.eclipse.ant.internal.ui.antsupport.inputhandler.ProxyInputHandler -eclipseTask antlib:org.apache.ivy.ant:configure,org.apache.ivy.ant.IvyConfigure -eclipseTask antlib:org.apache.ivy.ant:resolve,org.apache.ivy.ant.IvyResolve -eclipseTask antlib:org.apache.ivy.ant:retrieve,org.apache.ivy.ant.IvyRetrieve -eclipseTask antlib:org.apache.ivy.ant:deliver,org.apache.ivy.ant.IvyDeliver -eclipseTask antlib:org.apache.ivy.ant:publish,org.apache.ivy.ant.IvyPublish -eclipseTask antlib:org.apache.ivy.ant:extract,org.apache.ivy.ant.IvyExtractFromSources -eclipseTask antlib:org.apache.ivy.ant:cachepath,org.apache.ivy.ant.IvyCachePath -eclipseTask antlib:org.apache.ivy.ant:cachefileset,org.apache.ivy.ant.IvyCacheFileset -eclipseTask antlib:org.apache.ivy.ant:report,org.apache.ivy.ant.IvyReport -eclipseTask antlib:org.apache.ivy.ant:repreport,org.apache.ivy.ant.IvyRepositoryReport -eclipseTask antlib:org.apache.ivy.ant:var,org.apache.ivy.ant.IvyVar -eclipseTask antlib:org.apache.ivy.ant:check,org.apache.ivy.ant.IvyCheck -eclipseTask antlib:org.apache.ivy.ant:artifactproperty,org.apache.ivy.ant.IvyArtifactProperty -eclipseTask antlib:org.apache.ivy.ant:buildlist,org.apache.ivy.ant.IvyBuildList -eclipseTask antlib:org.apache.ivy.ant:install,org.apache.ivy.ant.IvyInstall -eclipseTask antlib:org.apache.ivy.ant:convertpom,org.apache.ivy.ant.IvyConvertPom -eclipseTask antlib:org.apache.ivy.ant:makepom,org.apache.ivy.ant.IvyMakePom -eclipseTask antlib:org.apache.ivy.ant:artifactreport,org.apache.ivy.ant.IvyArtifactReport -eclipseTask antlib:org.apache.ivy.ant:info,org.apache.ivy.ant.IvyInfo -eclipseTask antlib:org.apache.ivy.ant:addpath,org.apache.ivy.ant.AddPathTask -eclipseTask antlib:org.apache.ivy.ant:listmodules,org.apache.ivy.ant.IvyListModules -eclipseTask antlib:org.apache.ivy.ant:findrevision,org.apache.ivy.ant.IvyFindRevision -eclipseTask antlib:org.apache.ivy.ant:buildnumber,org.apache.ivy.ant.IvyBuildNumber -eclipseTask antlib:org.apache.ivy.ant:cleancache,org.apache.ivy.ant.IvyCleanCache -eclipseTask antlib:org.apache.ivy.ant:buildobr,org.apache.ivy.ant.BuildOBRTask -eclipseTask antlib:org.apache.ivy.ant:convertmanifest,org.apache.ivy.ant.ConvertManifestTask -eclipseTask antlib:org.apache.ivy.ant:fixdeps,org.apache.ivy.ant.FixDepsTask -eclipseTask antlib:org.apache.ivy.ant:dependencytree,org.apache.ivy.ant.IvyDependencyTree -eclipseTask antlib:org.apache.ivy.ant:checkdepsupdate,org.apache.ivy.ant.IvyDependencyUpdateChecker -eclipseType antlib:org.apache.ivy.ant:settings,org.apache.ivy.ant.IvyAntSettings -eclipseType antlib:org.apache.ivy.ant:resources,org.apache.ivy.ant.IvyResources -buildfile C:\Users\nickm\workspace\library\build.xml" />
    <property name="sources" value="src" />
    <property name="ivy.distrib.dir" value="C:\Users\nickm\workspace\library/distrib" />
    <property name="sun.cpu.endian" value="little" />
    <property name="ivy.revision" value="working@DESKTOP-EK9S4CK" />
    <property name="ant.build.javac.target" value="1.8" />
    <property name="user.timezone.ivy.instance" value="America/Halifax" />
    <property name="java.vm.version" value="25.72-b15" />
    <property name="java.class.path" value="C:\Users\nickm\.ivy2\cache\com.h2database\h2\jars\h2-1.4.191.jar;C:\Users\nickm\.ivy2\cache\com.vaadin.addon\jpacontainer\jars\jpacontainer-3.2.0.jar;C:\Users\nickm\.ivy2\cache\com.vaadin.external.atmosphere\atmosphere-runtime\bundles\atmosphere-runtime-2.2.7.vaadin1.jar;C:\Users\nickm\.ivy2\cache\com.vaadin.external.flute\flute\jars\flute-1.3.0.gg2.jar;C:\Users\nickm\.ivy2\cache\com.vaadin.external.google\guava\jars\guava-16.0.1.vaadin1.jar;C:\Users\nickm\.ivy2\cache\com.vaadin.external.slf4j\vaadin-slf4j-jdk14\jars\vaadin-slf4j-jdk14-1.6.1.jar;C:\Users\nickm\.ivy2\cache\com.vaadin.external.streamhtmlparser\streamhtmlparser-jsilver\jars\streamhtmlparser-jsilver-0.0.10.vaadin1.jar;C:\Users\nickm\.ivy2\cache\com.vaadin\vaadin-client-compiled\jars\vaadin-client-compiled-7.6.4.jar;C:\Users\nickm\.ivy2\cache\com.vaadin\vaadin-push\jars\vaadin-push-7.6.4.jar;C:\Users\nickm\.ivy2\cache\com.vaadin\vaadin-sass-compiler\jars\vaadin-sass-compiler-0.9.13.jar;C:\Users\nickm\.ivy2\cache\com.vaadin\vaadin-server\jars\vaadin-server-7.6.4.jar;C:\Users\nickm\.ivy2\cache\com.vaadin\vaadin-shared\jars\vaadin-shared-7.6.4.jar;C:\Users\nickm\.ivy2\cache\com.vaadin\vaadin-themes\jars\vaadin-themes-7.6.4.jar;C:\Users\nickm\.ivy2\cache\com.yahoo.platform.yui\yuicompressor\jars\yuicompressor-2.4.8.jar;C:\Users\nickm\.ivy2\cache\org.eclipse.persistence\javax.persistence\jars\javax.persistence-2.1.1.jar;C:\Users\nickm\.ivy2\cache\org.eclipse.persistence\org.eclipse.persistence.antlr\jars\org.eclipse.persistence.antlr-2.6.2.jar;C:\Users\nickm\.ivy2\cache\org.eclipse.persistence\org.eclipse.persistence.asm\jars\org.eclipse.persistence.asm-2.6.2.jar;C:\Users\nickm\.ivy2\cache\org.eclipse.persistence\org.eclipse.persistence.core\jars\org.eclipse.persistence.core-2.6.2.jar;C:\Users\nickm\.ivy2\cache\org.eclipse.persistence\org.eclipse.persistence.jpa.jpql\jars\org.eclipse.persistence.jpa.jpql-2.6.2.jar;C:\Users\nickm\.ivy2\cache\org.eclipse.persistence\org.eclipse.persistence.jpa\jars\org.eclipse.persistence.jpa-2.6.2.jar;C:\Users\nickm\.ivy2\cache\org.glassfish\javax.json\bundles\javax.json-1.0.4.jar;C:\Users\nickm\.ivy2\cache\org.jsoup\jsoup\jars\jsoup-1.8.3.jar;C:\Users\nickm\.ivy2\cache\org.w3c.css\sac\jars\sac-1.3.jar;C:\Users\nickm\.ivy2\cache\rhino\js\jars\js-1.7R2.jar;C:\Users\nickm\.ivy2\cache\cglib\cglib-nodep\jars\cglib-nodep-2.2.2.jar;C:\Users\nickm\.ivy2\cache\com.codeborne\phantomjsdriver\jars\phantomjsdriver-1.2.1.jar;C:\Users\nickm\.ivy2\cache\com.google.code.gson\gson\jars\gson-2.3.1.jar;C:\Users\nickm\.ivy2\cache\com.google.guava\guava\bundles\guava-18.0.jar;C:\Users\nickm\.ivy2\cache\com.vaadin\vaadin-testbench-api\jars\vaadin-testbench-api-7.6.4.jar;C:\Users\nickm\.ivy2\cache\com.vaadin\vaadin-testbench-core\jars\vaadin-testbench-core-4.1.0.alpha1.jar;C:\Users\nickm\.ivy2\cache\commons-codec\commons-codec\jars\commons-codec-1.10.jar;C:\Users\nickm\.ivy2\cache\commons-collections\commons-collections\jars\commons-collections-3.2.1.jar;C:\Users\nickm\.ivy2\cache\commons-io\commons-io\jars\commons-io-2.4.jar;C:\Users\nickm\.ivy2\cache\commons-logging\commons-logging\jars\commons-logging-1.2.jar;C:\Users\nickm\.ivy2\cache\io.netty\netty\bundles\netty-3.5.2.Final.jar;C:\Users\nickm\.ivy2\cache\javax.servlet\javax.servlet-api\jars\javax.servlet-api-3.0.1.jar;C:\Users\nickm\.ivy2\cache\junit\junit\jars\junit-4.11.jar;C:\Users\nickm\.ivy2\cache\mx4j\mx4j-tools\jars\mx4j-tools-3.0.1.jar;C:\Users\nickm\.ivy2\cache\net.java.dev.jna\jna-platform\jars\jna-platform-4.1.0.jar;C:\Users\nickm\.ivy2\cache\net.java.dev.jna\jna\jars\jna-4.1.0.jar;C:\Users\nickm\.ivy2\cache\net.jcip\jcip-annotations\jars\jcip-annotations-1.0.jar;C:\Users\nickm\.ivy2\cache\net.sourceforge.cssparser\cssparser\jars\cssparser-0.9.16.jar;C:\Users\nickm\.ivy2\cache\net.sourceforge.htmlunit\htmlunit-core-js\jars\htmlunit-core-js-2.17.jar;C:\Users\nickm\.ivy2\cache\net.sourceforge.htmlunit\htmlunit\jars\htmlunit-2.17.jar;C:\Users\nickm\.ivy2\cache\net.sourceforge.nekohtml\nekohtml\jars\nekohtml-1.9.22.jar;C:\Users\nickm\.ivy2\cache\org.apache.commons\commons-exec\jars\commons-exec-1.3.jar;C:\Users\nickm\.ivy2\cache\org.apache.commons\commons-lang3\jars\commons-lang3-3.4.jar;C:\Users\nickm\.ivy2\cache\org.apache.httpcomponents\httpclient\jars\httpclient-4.4.1.jar;C:\Users\nickm\.ivy2\cache\org.apache.httpcomponents\httpcore\jars\httpcore-4.4.1.jar;C:\Users\nickm\.ivy2\cache\org.apache.httpcomponents\httpmime\jars\httpmime-4.4.1.jar;C:\Users\nickm\.ivy2\cache\org.bouncycastle\bcpkix-jdk15on\jars\bcpkix-jdk15on-1.48.jar;C:\Users\nickm\.ivy2\cache\org.bouncycastle\bcprov-jdk15on\jars\bcprov-jdk15on-1.48.jar;C:\Users\nickm\.ivy2\cache\org.easymock\easymock\jars\easymock-3.1.jar;C:\Users\nickm\.ivy2\cache\org.eclipse.jetty.websocket\websocket-api\jars\websocket-api-9.2.11.v20150529.jar;C:\Users\nickm\.ivy2\cache\org.eclipse.jetty.websocket\websocket-client\jars\websocket-client-9.2.11.v20150529.jar;C:\Users\nickm\.ivy2\cache\org.eclipse.jetty.websocket\websocket-common\jars\websocket-common-9.2.11.v20150529.jar;C:\Users\nickm\.ivy2\cache\org.eclipse.jetty\jetty-io\jars\jetty-io-9.2.11.v20150529.jar;C:\Users\nickm\.ivy2\cache\org.eclipse.jetty\jetty-util\jars\jetty-util-9.2.11.v20150529.jar;C:\Users\nickm\.ivy2\cache\org.hamcrest\hamcrest-core\jars\hamcrest-core-1.3.jar;C:\Users\nickm\.ivy2\cache\org.javassist\javassist\bundles\javassist-3.18.1-GA.jar;C:\Users\nickm\.ivy2\cache\org.mortbay.jetty\servlet-api-2.5\jars\servlet-api-2.5-6.1.9.jar;C:\Users\nickm\.ivy2\cache\org.objenesis\objenesis\jars\objenesis-1.2.jar;C:\Users\nickm\.ivy2\cache\org.seleniumhq.selenium\jetty-rc-repacked\jars\jetty-rc-repacked-5.jar;C:\Users\nickm\.ivy2\cache\org.seleniumhq.selenium\jetty-repacked\jars\jetty-repacked-7.6.1.jar;C:\Users\nickm\.ivy2\cache\org.seleniumhq.selenium\selenium-api\jars\selenium-api-2.47.1.jar;C:\Users\nickm\.ivy2\cache\org.seleniumhq.selenium\selenium-chrome-driver\jars\selenium-chrome-driver-2.47.1.jar;C:\Users\nickm\.ivy2\cache\org.seleniumhq.selenium\selenium-edge-driver\jars\selenium-edge-driver-2.47.1.jar;C:\Users\nickm\.ivy2\cache\org.seleniumhq.selenium\selenium-firefox-driver\jars\selenium-firefox-driver-2.47.1.jar;C:\Users\nickm\.ivy2\cache\org.seleniumhq.selenium\selenium-htmlunit-driver\jars\selenium-htmlunit-driver-2.47.1.jar;C:\Users\nickm\.ivy2\cache\org.seleniumhq.selenium\selenium-ie-driver\jars\selenium-ie-driver-2.47.1.jar;C:\Users\nickm\.ivy2\cache\org.seleniumhq.selenium\selenium-java\jars\selenium-java-2.47.1.jar;C:\Users\nickm\.ivy2\cache\org.seleniumhq.selenium\selenium-leg-rc\jars\selenium-leg-rc-2.47.1.jar;C:\Users\nickm\.ivy2\cache\org.seleniumhq.selenium\selenium-remote-driver\jars\selenium-remote-driver-2.47.1.jar;C:\Users\nickm\.ivy2\cache\org.seleniumhq.selenium\selenium-safari-driver\jars\selenium-safari-driver-2.47.1.jar;C:\Users\nickm\.ivy2\cache\org.seleniumhq.selenium\selenium-server\jars\selenium-server-2.47.1.jar;C:\Users\nickm\.ivy2\cache\org.seleniumhq.selenium\selenium-support\jars\selenium-support-2.47.1.jar;C:\Users\nickm\.ivy2\cache\org.webbitserver\webbit\jars\webbit-0.4.14.jar;C:\Users\nickm\.ivy2\cache\org.yaml\snakeyaml\jars\snakeyaml-1.8.jar;C:\Users\nickm\.ivy2\cache\xalan\serializer\jars\serializer-2.7.2.jar;C:\Users\nickm\.ivy2\cache\xalan\xalan\jars\xalan-2.7.2.jar;C:\Users\nickm\.ivy2\cache\xerces\xercesImpl\jars\xercesImpl-2.11.0.jar;C:\Users\nickm\.ivy2\cache\xml-apis\xml-apis\jars\xml-apis-1.4.01.jar;C:\Users\nickm\workspace\library\build\work\WEB-INF\classes;C:\Users\nickm\workspace\library\build\work\tests\classes;C:\eclipse\plugins\org.apache.ant_1.9.4.v201504302020\lib\ant-launcher.jar;C:\eclipse\plugins\org.apache.ant_1.9.4.v201504302020\lib\ant.jar;C:\eclipse\plugins\org.apache.ant_1.9.4.v201504302020\lib\ant-junit.jar;C:\eclipse\plugins\org.apache.ant_1.9.4.v201504302020\lib\ant-junit4.jar" />
    <property name="ivy.default.ivy.user.dir" value="C:\Users\nickm\.ivy2" />
    <property name="user.home.ivy.instance" value="C:\Users\nickm" />
    <property name="basedir.ivy.instance" value="C:\Users\nickm\workspace\library" />
    <property name="ant.library.dir" value="C:\eclipse\plugins\org.apache.ant_1.9.4.v201504302020\lib" />
    <property name="os.arch" value="amd64" />
    <property name="failifnotserializable" value="true" />
    <property name="ivy.conf.file" value="C:\Users\nickm\workspace\library\ivysettings.xml" />
    <property name="ivy.jar.dir" value="C:\Users\nickm/.ant/lib" />
    <property name="java.awt.graphicsenv.ivy.instance" value="sun.awt.Win32GraphicsEnvironment" />
    <property name="ant.file.type.Build script for Vaadin 7 projects" value="file" />
    <property name="java.vendor.url.bug.ivy.instance" value="http://bugreport.sun.com/bugreport/" />
    <property name="ant.build.javac.source" value="1.8" />
    <property name="java.vm.specification.version.ivy.instance" value="1.8" />
    <property name="sun.java.launcher" value="SUN_STANDARD" />
    <property name="java.awt.printerjob.ivy.instance" value="sun.awt.windows.WPrinterJob" />
    <property name="ivy.settings.dir.ivy.instance" value="C:\Users\nickm\workspace\library" />
    <property name="ant.core.lib" value="C:\eclipse\plugins\org.apache.ant_1.9.4.v201504302020\lib\ant.jar" />
    <property name="ivy.resolver.default.check.modified.ivy.instance" value="false" />
    <property name="java.vm.specification.vendor" value="Oracle Corporation" />
    <property name="ivy.settings.dir" value="C:\Users\nickm\workspace\library" />
    <property name="file.separator" value="\" />
    <property name="user.language.ivy.instance" value="en" />
    <property name="user.country.ivy.instance" value="CA" />
    <property name="ivy.conf.url.ivy.instance" value="file:/C:/Users/nickm/workspace/library/ivysettings.xml" />
    <property name="java.runtime.version" value="1.8.0_72-b15" />
    <property name="java.specification.name.ivy.instance" value="Java Platform API Specification" />
    <property name="sun.boot.class.path" value="C:\Program Files\Java\jdk1.8.0_72\jre\lib\resources.jar;C:\Program Files\Java\jdk1.8.0_72\jre\lib\rt.jar;C:\Program Files\Java\jdk1.8.0_72\jre\lib\sunrsasign.jar;C:\Program Files\Java\jdk1.8.0_72\jre\lib\jsse.jar;C:\Program Files\Java\jdk1.8.0_72\jre\lib\jce.jar;C:\Program Files\Java\jdk1.8.0_72\jre\lib\charsets.jar;C:\Program Files\Java\jdk1.8.0_72\jre\lib\jfr.jar;C:\Program Files\Java\jdk1.8.0_72\jre\classes" />
    <property name="ivy.conf.dir" value="C:\Users\nickm\workspace\library" />
    <property name="ivy.retrieve.pattern" value="C:\Users\nickm\workspace\library/lib/[artifact]-[revision](-[classifier]).[ext]" />
    <property name="compiled-tests.dir" value="build/work/tests/classes" />
    <property name="user.country" value="CA" />
    <property name="tests" value="test" />
    <property name="java.version.ivy.instance" value="1.8.0_72" />
    <property name="ivy.resolved.file" value="C:\Users\nickm\workspace\library\ivy.xml" />
    <property name="os.arch.ivy.instance" value="amd64" />
    <property name="java.vendor" value="Oracle Corporation" />
    <property name="warfilename" value="library.war" />
    <property name="ivy.project.dir" value="C:\Users\nickm\workspace\library" />
    <property name="java.specification.version" value="1.8" />
    <property name="sun.arch.data.model" value="64" />
    <property name="ivy.buildlist.ivyfilepath" value="ivy.xml" />
  </properties>
  <testcase classname="BookServiceTest" name="testRemoveFilters" time="2.045" />
  <testcase classname="BookServiceTest" name="testCount" time="0.0" />
  <testcase classname="BookServiceTest" name="testDelete" time="0.016" />
  <testcase classname="BookServiceTest" name="testSaveAndDuplicate" time="0.0" />
  <system-out><![CDATA[[EL Info]: 2016-03-10 18:42:07.817--ServerSession(2065886345)--EclipseLink, version: Eclipse Persistence Services - 2.6.2.v20151217-774c696
[EL Info]: connection: 2016-03-10 18:42:08.174--ServerSession(2065886345)--/file:/C:/Users/nickm/workspace/library/build/work/WEB-INF/classes/_library_db login successful
]]></system-out>
  <system-err><![CDATA[]]></system-err>
</testsuite>

